<?xml version="1.0" encoding="UTF-8"?>
<!-- Generated by org.testng.reporters.JUnitReportReporter -->
<testsuite hostname="DESKTOP-N3LRL61" failures="0" tests="4" name="Com.QA.tests.Product_Test" time="2.343" errors="0" timestamp="2025-07-29T20:24:55 IST" skipped="0">
  <testcase classname="Com.QA.tests.Product_Test" name="Login_Page_Test" time="0.499"/>
  <system-out/>
  <testcase classname="Com.QA.tests.Product_Test" name="Home_Page_Test" time="0.804"/>
  <system-out/>
  <testcase classname="Com.QA.tests.Product_Test" name="Cart_Page_Test" time="0.370"/>
  <system-out/>
  <testcase classname="Com.QA.tests.Product_Test" name="Checkout_Page_Test" time="0.670"/>
  <system-out/>
</testsuite> <!-- Com.QA.tests.Product_Test -->
