<?xml version="1.0" encoding="UTF-8"?>
<!-- Generated by org.testng.reporters.JUnitReportReporter -->
<testsuite hostname="DESKTOP-N3LRL61" failures="0" tests="5" name="Com.QA.tests.Product_Test" time="4.492" errors="0" timestamp="2025-07-31T10:33:05 IST" skipped="0">
  <testcase classname="Com.QA.tests.Product_Test" name="Login_Page_Test" time="0.913"/>
  <system-out/>
  <testcase classname="Com.QA.tests.Product_Test" name="Home_Page_Test" time="1.205"/>
  <system-out/>
  <testcase classname="Com.QA.tests.Product_Test" name="Cart_Page_Test" time="0.622"/>
  <system-out/>
  <testcase classname="Com.QA.tests.Product_Test" name="Checkout_Page_Test" time="1.241"/>
  <system-out/>
  <testcase classname="Com.QA.tests.Product_Test" name="payment_page_Test" time="0.511"/>
  <system-out/>
</testsuite> <!-- Com.QA.tests.Product_Test -->
