<?xml version="1.0" encoding="UTF-8"?>
<!-- Generated by org.testng.reporters.JUnitReportReporter -->
<testsuite hostname="DESKTOP-N3LRL61" failures="0" tests="2" name="Com.QA.tests.Product_Test" time="1.212" errors="0" timestamp="2025-07-28T18:00:01 IST" skipped="0">
  <testcase classname="Com.QA.tests.Product_Test" name="Login_Page_Test" time="0.478"/>
  <system-out/>
  <testcase classname="Com.QA.tests.Product_Test" name="Home_Page_Test" time="0.734"/>
  <system-out/>
</testsuite> <!-- Com.QA.tests.Product_Test -->
