<?xml version="1.0" encoding="UTF-8"?>
<!-- Generated by org.testng.reporters.JUnitReportReporter -->
<testsuite hostname="DESKTOP-N3LRL61" failures="0" tests="6" name="Com.QA.tests.Data_Driven_Test" time="40.314" errors="0" timestamp="2025-07-31T12:11:38 IST" skipped="0">
  <testcase classname="Com.QA.tests.Data_Driven_Test" name="login_Test" time="4.736"/>
  <system-out/>
  <testcase classname="Com.QA.tests.Data_Driven_Test" name="login_Test" time="6.268"/>
  <system-out/>
  <testcase classname="Com.QA.tests.Data_Driven_Test" name="login_Test" time="6.283"/>
  <system-out/>
  <testcase classname="Com.QA.tests.Data_Driven_Test" name="login_Test" time="5.251"/>
  <system-out/>
  <testcase classname="Com.QA.tests.Data_Driven_Test" name="login_Test" time="11.058"/>
  <system-out/>
  <testcase classname="Com.QA.tests.Data_Driven_Test" name="login_Test" time="6.718"/>
  <system-out/>
</testsuite> <!-- Com.QA.tests.Data_Driven_Test -->
