<?xml version="1.0" encoding="UTF-8"?>
<!-- Generated by org.testng.reporters.JUnitReportReporter -->
<testsuite hostname="DESKTOP-N3LRL61" failures="0" tests="5" name="Com.QA.tests.Product_Test" time="2.568" errors="0" timestamp="2025-07-30T16:35:52 IST" skipped="0">
  <testcase classname="Com.QA.tests.Product_Test" name="Login_Page_Test" time="0.528"/>
  <system-out/>
  <testcase classname="Com.QA.tests.Product_Test" name="Home_Page_Test" time="0.679"/>
  <system-out/>
  <testcase classname="Com.QA.tests.Product_Test" name="Cart_Page_Test" time="0.399"/>
  <system-out/>
  <testcase classname="Com.QA.tests.Product_Test" name="Checkout_Page_Test" time="0.698"/>
  <system-out/>
  <testcase classname="Com.QA.tests.Product_Test" name="payment_page_Test" time="0.264"/>
  <system-out/>
</testsuite> <!-- Com.QA.tests.Product_Test -->
